<?xml version="1.0" encoding="UTF-8"?>
<!-- Generated by org.testng.reporters.JUnitXMLReporter -->
<testsuite hostname="DESKTOP-COR089L" ignored="0" name="业务" tests="3" failures="1" timestamp="2022-05-07T10:57:44 CST" time="91.685" errors="0">
  <testcase name="loginTest" time="72.823" classname="com.wsn.testcases.BssCase">
    <skipped/>
  </testcase> <!-- loginTest -->
  <testcase name="loginTest" time="10.132" classname="com.wsn.testcases.BssCase">
    <skipped/>
  </testcase> <!-- loginTest -->
  <testcase name="loginTest" time="8.446" classname="com.wsn.testcases.BssCase">
    <failure type="java.lang.AssertionError" message="expected [林敏1] but found [林敏]">
      <![CDATA[java.lang.AssertionError: expected [林敏1] but found [林敏]
at com.wsn.testcases.BssCase.loginTest(BssCase.java:30)
at com.wsn.listener.TestResultListener.run(TestResultListener.java:28)
at java.util.ArrayList.forEach(ArrayList.java:1257)
... Removed 38 stack frames]]>
    </failure>
  </testcase> <!-- loginTest -->
</testsuite> <!-- 业务 -->
