<?xml version="1.0" encoding="UTF-8"?>
<!-- Generated by org.testng.reporters.JUnitXMLReporter -->
<testsuite hostname="DESKTOP-COR089L" ignored="0" name="业务" tests="3" failures="1" timestamp="2022-06-06T14:43:48 CST" time="6.816" errors="0">
  <testcase name="@AfterTest deleteAllGoods" time="0.069" classname="com.wsn.testcases.GoodsToCartCase">
    <failure type="java.lang.NullPointerException">
      <![CDATA[java.lang.NullPointerException
at java.util.Objects.requireNonNull(Objects.java:203)
at org.openqa.selenium.support.ui.FluentWait.<init>(FluentWait.java:106)
at org.openqa.selenium.support.ui.WebDriverWait.<init>(WebDriverWait.java:85)
at org.openqa.selenium.support.ui.WebDriverWait.<init>(WebDriverWait.java:45)
at com.wsn.common.BasePage.waitElementClickable(BasePage.java:47)
at com.wsn.common.BasePage.click(BasePage.java:66)
at com.wsn.pages.mall.CartPage.deleteAllGoods(CartPage.java:40)
at com.wsn.testcases.GoodsToCartCase.deleteAllGoods(GoodsToCartCase.java:66)
... Removed 28 stack frames]]>
    </failure>
  </testcase> <!-- @AfterTest deleteAllGoods -->
  <testcase name="toCart" time="3.636" classname="com.wsn.testcases.GoodsToCartCase">
    <skipped/>
  </testcase> <!-- toCart -->
  <testcase name="toCart" time="1.384" classname="com.wsn.testcases.GoodsToCartCase">
    <skipped/>
  </testcase> <!-- toCart -->
  <testcase name="toCart" time="1.378" classname="com.wsn.testcases.GoodsToCartCase">
    <failure type="java.lang.NullPointerException">
      <![CDATA[java.lang.NullPointerException
at com.wsn.listener.TestResultListener.run(TestResultListener.java:31)
at java.util.ArrayList.forEach(ArrayList.java:1257)
... Removed 27 stack frames]]>
    </failure>
  </testcase> <!-- toCart -->
</testsuite> <!-- 业务 -->
