<?xml version="1.0" encoding="UTF-8"?>
<testsuite xmlns:xsi="http://www.w3.org/2001/XMLSchema-instance" xsi:noNamespaceSchemaLocation="https://maven.apache.org/surefire/maven-surefire-plugin/xsd/surefire-test-report.xsd" name="TestSuite" time="93.985" tests="3" errors="0" skipped="2" failures="1">
  <properties>
[...]
</properties>
  <testcase name="loginTest" classname="com.wsn.testcases.BssCase" time="0">
    <skipped message="Expected condition failed: waiting for visibility of element located by By.id: headerName (tried for 8 second(s) with 500 milliseconds interval)"/>
    <system-out><![CDATA[2022-05-07 10:56:16 INFO  BaseTest:34 - ===========================打开chrome浏览器==============================
2022-05-07 10:56:16 INFO  BaseTest:58 - 打开URL
2022-05-07 10:56:17 INFO  BasePage:77 - 已经输入内容[17765472624]
2022-05-07 10:56:17 INFO  BasePage:77 - 已经输入内容[1q2w3e4R!@]
2022-05-07 10:56:17 INFO  BasePage:67 - 点击了元素点击登录
2022-05-07 10:56:18 INFO  BasePage:67 - 点击了元素选择验证码验证
2022-05-07 10:56:18 INFO  BasePage:67 - 点击了元素发送验证码
2022-05-07 10:56:18 INFO  BasePage:77 - 已经输入内容[123456]
2022-05-07 10:56:18 INFO  BasePage:67 - 点击了元素进入系统
]]></system-out>
    <system-err><![CDATA[SLF4J: Failed to load class "org.slf4j.impl.StaticLoggerBinder".
SLF4J: Defaulting to no-operation (NOP) logger implementation
SLF4J: See http://www.slf4j.org/codes.html#StaticLoggerBinder for further details.
Starting ChromeDriver 100.0.4896.60 (6a5d10861ce8de5fce22564658033b43cb7de047-refs/branch-heads/4896@{#875}) on port 19794
Only local connections are allowed.
Please see https://chromedriver.chromium.org/security-considerations for suggestions on keeping ChromeDriver safe.
ChromeDriver was started successfully.
[1651892175.859][WARNING]: This version of ChromeDriver has not been tested with Chrome version 101.
五月 07, 2022 10:56:16 上午 org.openqa.selenium.remote.ProtocolHandshake createSession
信息: Detected dialect: W3C
]]></system-err>
  </testcase>
  <testcase name="loginTest" classname="com.wsn.testcases.BssCase" time="0">
    <skipped message="expected [林敏1] but found [林敏]"/>
    <system-out><![CDATA[2022-05-07 10:57:26 INFO  BaseTest:34 - ===========================打开chrome浏览器==============================
2022-05-07 10:57:26 INFO  BaseTest:58 - 打开URL
2022-05-07 10:57:27 INFO  BasePage:77 - 已经输入内容[17765472624]
2022-05-07 10:57:27 INFO  BasePage:77 - 已经输入内容[1q2w3e4R!@]
2022-05-07 10:57:28 INFO  BasePage:67 - 点击了元素点击登录
2022-05-07 10:57:28 INFO  BasePage:67 - 点击了元素选择验证码验证
2022-05-07 10:57:28 INFO  BasePage:67 - 点击了元素发送验证码
2022-05-07 10:57:28 INFO  BasePage:77 - 已经输入内容[123456]
2022-05-07 10:57:29 INFO  BasePage:67 - 点击了元素进入系统
]]></system-out>
    <system-err><![CDATA[Starting ChromeDriver 100.0.4896.60 (6a5d10861ce8de5fce22564658033b43cb7de047-refs/branch-heads/4896@{#875}) on port 48393
Only local connections are allowed.
Please see https://chromedriver.chromium.org/security-considerations for suggestions on keeping ChromeDriver safe.
ChromeDriver was started successfully.
[1651892246.771][WARNING]: This version of ChromeDriver has not been tested with Chrome version 101.
五月 07, 2022 10:57:26 上午 org.openqa.selenium.remote.ProtocolHandshake createSession
信息: Detected dialect: W3C
]]></system-err>
  </testcase>
  <testcase name="loginTest" classname="com.wsn.testcases.BssCase" time="8.457">
    <failure message="expected [林敏1] but found [林敏]" type="java.lang.AssertionError">java.lang.AssertionError: expected [林敏1] but found [林敏]
	at com.wsn.testcases.BssCase.loginTest(BssCase.java:30)
</failure>
    <system-out><![CDATA[2022-05-07 10:57:37 INFO  BaseTest:34 - ===========================打开chrome浏览器==============================
2022-05-07 10:57:37 INFO  BaseTest:58 - 打开URL
2022-05-07 10:57:38 INFO  BasePage:77 - 已经输入内容[17765472624]
2022-05-07 10:57:38 INFO  BasePage:77 - 已经输入内容[1q2w3e4R!@]
2022-05-07 10:57:38 INFO  BasePage:67 - 点击了元素点击登录
2022-05-07 10:57:39 INFO  BasePage:67 - 点击了元素选择验证码验证
2022-05-07 10:57:39 INFO  BasePage:67 - 点击了元素发送验证码
2022-05-07 10:57:39 INFO  BasePage:77 - 已经输入内容[123456]
2022-05-07 10:57:39 INFO  BasePage:67 - 点击了元素进入系统
]]></system-out>
    <system-err><![CDATA[Starting ChromeDriver 100.0.4896.60 (6a5d10861ce8de5fce22564658033b43cb7de047-refs/branch-heads/4896@{#875}) on port 30095
Only local connections are allowed.
Please see https://chromedriver.chromium.org/security-considerations for suggestions on keeping ChromeDriver safe.
ChromeDriver was started successfully.
[1651892257.196][WARNING]: This version of ChromeDriver has not been tested with Chrome version 101.
五月 07, 2022 10:57:37 上午 org.openqa.selenium.remote.ProtocolHandshake createSession
信息: Detected dialect: W3C
]]></system-err>
  </testcase>
</testsuite>